<?xml version="1.0" encoding="UTF-8"?>
<!-- Generated by org.testng.reporters.JUnitReportReporter -->
<testsuite hostname="FEUJI-V005D" failures="0" tests="2" name="com.booking.com.test.BookingTest" time="235.447" errors="0" timestamp="2024-02-02T10:19:41 IST" skipped="0">
  <testcase classname="com.booking.com.test.BookingTest" name="login" time="38.939"/>
  <system-out/>
  <testcase classname="com.booking.com.test.BookingTest" name="hotelBooking" time="196.508"/>
  <system-out/>
</testsuite> <!-- com.booking.com.test.BookingTest -->
